0 info it worked if it ends with ok
1 verbose cli [ '/usr/local/Cellar/node/7.3.0/bin/node',
1 verbose cli   '/usr/local/bin/npm',
1 verbose cli   'run',
1 verbose cli   'db:init' ]
2 info using npm@3.10.10
3 info using node@v7.3.0
4 verbose run-script [ 'predb:init', 'db:init', 'postdb:init' ]
5 info lifecycle postgres-express-react-node-tutorial@1.0.0~predb:init: postgres-express-react-node-tutorial@1.0.0
6 silly lifecycle postgres-express-react-node-tutorial@1.0.0~predb:init: no script for predb:init, continuing
7 info lifecycle postgres-express-react-node-tutorial@1.0.0~db:init: postgres-express-react-node-tutorial@1.0.0
8 verbose lifecycle postgres-express-react-node-tutorial@1.0.0~db:init: unsafe-perm in lifecycle true
9 verbose lifecycle postgres-express-react-node-tutorial@1.0.0~db:init: PATH: /usr/local/lib/node_modules/npm/bin/node-gyp-bin:/Users/ryankent/Desktop/LG/obsolete-reedbuck/postgres-express-react-node-tutorial/node_modules/.bin:/usr/local/Cellar/node/7.3.0/bin:/usr/local/bin:/usr/bin:/bin:/usr/sbin:/sbin:/Users/ryankent/bin:/Users/ryankent/bin:/Users/ryankent/bin
10 verbose lifecycle postgres-express-react-node-tutorial@1.0.0~db:init: CWD: /Users/ryankent/Desktop/LG/obsolete-reedbuck/postgres-express-react-node-tutorial
11 silly lifecycle postgres-express-react-node-tutorial@1.0.0~db:init: Args: [ '-c', 'psql todo < ./schema.sql' ]
12 silly lifecycle postgres-express-react-node-tutorial@1.0.0~db:init: Returned: code: 2  signal: null
13 info lifecycle postgres-express-react-node-tutorial@1.0.0~db:init: Failed to exec db:init script
14 verbose stack Error: postgres-express-react-node-tutorial@1.0.0 db:init: `psql todo < ./schema.sql`
14 verbose stack Exit status 2
14 verbose stack     at EventEmitter.<anonymous> (/usr/local/lib/node_modules/npm/lib/utils/lifecycle.js:255:16)
14 verbose stack     at emitTwo (events.js:106:13)
14 verbose stack     at EventEmitter.emit (events.js:191:7)
14 verbose stack     at ChildProcess.<anonymous> (/usr/local/lib/node_modules/npm/lib/utils/spawn.js:40:14)
14 verbose stack     at emitTwo (events.js:106:13)
14 verbose stack     at ChildProcess.emit (events.js:191:7)
14 verbose stack     at maybeClose (internal/child_process.js:885:16)
14 verbose stack     at Process.ChildProcess._handle.onexit (internal/child_process.js:226:5)
15 verbose pkgid postgres-express-react-node-tutorial@1.0.0
16 verbose cwd /Users/ryankent/Desktop/LG/obsolete-reedbuck/postgres-express-react-node-tutorial
17 error Darwin 15.6.0
18 error argv "/usr/local/Cellar/node/7.3.0/bin/node" "/usr/local/bin/npm" "run" "db:init"
19 error node v7.3.0
20 error npm  v3.10.10
21 error code ELIFECYCLE
22 error postgres-express-react-node-tutorial@1.0.0 db:init: `psql todo < ./schema.sql`
22 error Exit status 2
23 error Failed at the postgres-express-react-node-tutorial@1.0.0 db:init script 'psql todo < ./schema.sql'.
23 error Make sure you have the latest version of node.js and npm installed.
23 error If you do, this is most likely a problem with the postgres-express-react-node-tutorial package,
23 error not with npm itself.
23 error Tell the author that this fails on your system:
23 error     psql todo < ./schema.sql
23 error You can get information on how to open an issue for this project with:
23 error     npm bugs postgres-express-react-node-tutorial
23 error Or if that isn't available, you can get their info via:
23 error     npm owner ls postgres-express-react-node-tutorial
23 error There is likely additional logging output above.
24 verbose exit [ 1, true ]
